<?xml version="1.0" encoding="UTF-8"?>
<testng-results skipped="0" failed="0" ignored="0" total="1" passed="1">
  <reporter-output>
  </reporter-output>
  <suite name="Default suite" duration-ms="9170" started-at="2019-03-07T09:50:39Z" finished-at="2019-03-07T09:50:48Z">
    <groups>
    </groups>
    <test name="Default test" duration-ms="9170" started-at="2019-03-07T09:50:39Z" finished-at="2019-03-07T09:50:48Z">
      <class name="mavenProject.Google">
        <test-method status="PASS" signature="beforeTest()[pri:0, instance:mavenProject.Google@7c16905e]" name="beforeTest" is-config="true" duration-ms="8167" started-at="2019-03-07T15:20:39Z" finished-at="2019-03-07T15:20:47Z">
          <reporter-output>
          </reporter-output>
        </test-method> <!-- beforeTest -->
        <test-method status="PASS" signature="launchAppTest()[pri:0, instance:mavenProject.Google@7c16905e]" name="launchAppTest" duration-ms="21" started-at="2019-03-07T15:20:47Z" finished-at="2019-03-07T15:20:47Z">
          <reporter-output>
          </reporter-output>
        </test-method> <!-- launchAppTest -->
        <test-method status="PASS" signature="browserCloseTest()[pri:0, instance:mavenProject.Google@7c16905e]" name="browserCloseTest" is-config="true" duration-ms="959" started-at="2019-03-07T15:20:47Z" finished-at="2019-03-07T15:20:48Z">
          <reporter-output>
          </reporter-output>
        </test-method> <!-- browserCloseTest -->
      </class> <!-- mavenProject.Google -->
    </test> <!-- Default test -->
  </suite> <!-- Default suite -->
</testng-results>
